
   INFO  Seeding database.  

Seeding specific tournament data...

   Illuminate\Database\QueryException 

  SQLSTATE[23502]: Not null violation: 7 ERROR:  null value in column "bpjs_status" of relation "athletes" violates not-null constraint
DETAIL:  Failing row contains (1, Atlet 1 Kab Jombang, Male, 2004-05-07, 2026-05-07 16:05:24, 2026-05-07 16:05:24, null, 4412620823957452, null, null, null, null, Kota Kab Jombang, null, null, 087841933251, null). (Connection: pgsql, Host: 127.0.0.1, Port: 5432, Database: dojo, SQL: insert into "athletes" ("nik", "name", "gender", "birth_place", "birth_date", "phone", "updated_at", "created_at") values (4412620823957452, Atlet 1 Kab Jombang, Male, Kota Kab Jombang, 2004-05-07 00:00:00, 087841933251, 2026-05-07 16:05:24, 2026-05-07 16:05:24) returning "id")

  at vendor/laravel/framework/src/Illuminate/Database/Connection.php:841
    837▕             $exceptionType = ($isUniqueConstraintError = $this->isUniqueConstraintError($e))
    838▕                 ? UniqueConstraintViolationException::class
    839▕                 : QueryException::class;
    840▕ 
  ➜ 841▕             $exception = new $exceptionType(
    842▕                 $this->getNameWithReadWriteType(),
    843▕                 $query,
    844▕                 $this->prepareBindings($bindings),
    845▕                 $e,

      [2m+18 vendor frames [22m

  19  database/seeders/TournamentDummySeeder.php:198
      Illuminate\Database\Eloquent\Model::__callStatic("create")
      [2m+23 vendor frames [22m

  43  artisan:16
      Illuminate\Foundation\Application::handleCommand(Object(Symfony\Component\Console\Input\ArgvInput))

